This is pdfTeX, Version 3.14159265-2.6-1.40.20 (TeX Live 2019/Debian) (preloaded format=pdflatex 2020.9.26)  14 MAR 2022 18:18
entering extended mode
 restricted \write18 enabled.
 %&-line parsing enabled.
**"Apuntes Arquitectura de Sistemas.tex"
(./Apuntes Arquitectura de Sistemas.tex
LaTeX2e <2020-02-02> patch level 2
L3 programming layer <2020-02-14>
(/usr/share/texlive/texmf-dist/tex/latex/base/article.cls
Document Class: article 2019/12/20 v1.4l Standard LaTeX document class
(/usr/share/texlive/texmf-dist/tex/latex/base/size10.clo
File: size10.clo 2019/12/20 v1.4l Standard LaTeX file (size option)
)
\c@part=\count167
\c@section=\count168
\c@subsection=\count169
\c@subsubsection=\count170
\c@paragraph=\count171
\c@subparagraph=\count172
\c@figure=\count173
\c@table=\count174
\abovecaptionskip=\skip47
\belowcaptionskip=\skip48
\bibindent=\dimen134
)
(/usr/share/texlive/texmf-dist/tex/latex/base/inputenc.sty
Package: inputenc 2018/08/11 v1.3c Input encoding file
\inpenc@prehook=\toks14
\inpenc@posthook=\toks15
)
(/usr/share/texlive/texmf-dist/tex/latex/graphics/graphicx.sty
Package: graphicx 2019/11/30 v1.2a Enhanced LaTeX Graphics (DPC,SPQR)

(/usr/share/texlive/texmf-dist/tex/latex/graphics/keyval.sty
Package: keyval 2014/10/28 v1.15 key=value parser (DPC)
\KV@toks@=\toks16
)
(/usr/share/texlive/texmf-dist/tex/latex/graphics/graphics.sty
Package: graphics 2019/11/30 v1.4a Standard LaTeX Graphics (DPC,SPQR)

(/usr/share/texlive/texmf-dist/tex/latex/graphics/trig.sty
Package: trig 2016/01/03 v1.10 sin cos tan (DPC)
)
(/usr/share/texlive/texmf-dist/tex/latex/graphics-cfg/graphics.cfg
File: graphics.cfg 2016/06/04 v1.11 sample graphics configuration
)
Package graphics Info: Driver file: pdftex.def on input line 105.

(/usr/share/texlive/texmf-dist/tex/latex/graphics-def/pdftex.def
File: pdftex.def 2018/01/08 v1.0l Graphics/color driver for pdftex
))
\Gin@req@height=\dimen135
\Gin@req@width=\dimen136
)
(/usr/share/texlive/texmf-dist/tex/latex/hyperref/hyperref.sty
Package: hyperref 2020/01/14 v7.00d Hypertext links for LaTeX

(/usr/share/texlive/texmf-dist/tex/generic/ltxcmds/ltxcmds.sty
Package: ltxcmds 2019/12/15 v1.24 LaTeX kernel commands for general use (HO)
)
(/usr/share/texlive/texmf-dist/tex/generic/iftex/iftex.sty
Package: iftex 2019/11/07 v1.0c TeX engine tests
)
(/usr/share/texlive/texmf-dist/tex/latex/pdftexcmds/pdftexcmds.sty
Package: pdftexcmds 2019/11/24 v0.31 Utility functions of pdfTeX for LuaTeX (HO
)

(/usr/share/texlive/texmf-dist/tex/generic/infwarerr/infwarerr.sty
Package: infwarerr 2019/12/03 v1.5 Providing info/warning/error messages (HO)
)
Package pdftexcmds Info: \pdf@primitive is available.
Package pdftexcmds Info: \pdf@ifprimitive is available.
Package pdftexcmds Info: \pdfdraftmode found.
)
(/usr/share/texlive/texmf-dist/tex/generic/kvsetkeys/kvsetkeys.sty
Package: kvsetkeys 2019/12/15 v1.18 Key value parser (HO)
)
(/usr/share/texlive/texmf-dist/tex/generic/kvdefinekeys/kvdefinekeys.sty
Package: kvdefinekeys 2019-12-19 v1.6 Define keys (HO)
)
(/usr/share/texlive/texmf-dist/tex/generic/pdfescape/pdfescape.sty
Package: pdfescape 2019/12/09 v1.15 Implements pdfTeX's escape features (HO)
)
(/usr/share/texlive/texmf-dist/tex/latex/hycolor/hycolor.sty
Package: hycolor 2020-01-27 v1.10 Color options for hyperref/bookmark (HO)
)
(/usr/share/texlive/texmf-dist/tex/latex/letltxmacro/letltxmacro.sty
Package: letltxmacro 2019/12/03 v1.6 Let assignment for LaTeX macros (HO)
)
(/usr/share/texlive/texmf-dist/tex/latex/auxhook/auxhook.sty
Package: auxhook 2019-12-17 v1.6 Hooks for auxiliary files (HO)
)
(/usr/share/texlive/texmf-dist/tex/latex/kvoptions/kvoptions.sty
Package: kvoptions 2019/11/29 v3.13 Key value format for package options (HO)
)
\@linkdim=\dimen137
\Hy@linkcounter=\count175
\Hy@pagecounter=\count176

(/usr/share/texlive/texmf-dist/tex/latex/hyperref/pd1enc.def
File: pd1enc.def 2020/01/14 v7.00d Hyperref: PDFDocEncoding definition (HO)
Now handling font encoding PD1 ...
... no UTF-8 mapping file for font encoding PD1
)
(/usr/share/texlive/texmf-dist/tex/generic/intcalc/intcalc.sty
Package: intcalc 2019/12/15 v1.3 Expandable calculations with integers (HO)
)
(/usr/share/texlive/texmf-dist/tex/generic/etexcmds/etexcmds.sty
Package: etexcmds 2019/12/15 v1.7 Avoid name clashes with e-TeX commands (HO)
)
\Hy@SavedSpaceFactor=\count177
\pdfmajorversion=\count178
Package hyperref Info: Option `colorlinks' set `true' on input line 4421.
Package hyperref Info: Hyper figures OFF on input line 4547.
Package hyperref Info: Link nesting OFF on input line 4552.
Package hyperref Info: Hyper index ON on input line 4555.
Package hyperref Info: Plain pages OFF on input line 4562.
Package hyperref Info: Backreferencing OFF on input line 4567.
Package hyperref Info: Implicit mode ON; LaTeX internals redefined.
Package hyperref Info: Bookmarks ON on input line 4800.
\c@Hy@tempcnt=\count179

(/usr/share/texlive/texmf-dist/tex/latex/url/url.sty
\Urlmuskip=\muskip16
Package: url 2013/09/16  ver 3.4  Verb mode for urls, etc.
)
LaTeX Info: Redefining \url on input line 5159.
\XeTeXLinkMargin=\dimen138

(/usr/share/texlive/texmf-dist/tex/generic/bitset/bitset.sty
Package: bitset 2019/12/09 v1.3 Handle bit-vector datatype (HO)

(/usr/share/texlive/texmf-dist/tex/generic/bigintcalc/bigintcalc.sty
Package: bigintcalc 2019/12/15 v1.5 Expandable calculations on big integers (HO
)
))
\Fld@menulength=\count180
\Field@Width=\dimen139
\Fld@charsize=\dimen140
Package hyperref Info: Hyper figures OFF on input line 6430.
Package hyperref Info: Link nesting OFF on input line 6435.
Package hyperref Info: Hyper index ON on input line 6438.
Package hyperref Info: backreferencing OFF on input line 6445.
Package hyperref Info: Link coloring ON on input line 6448.
Package hyperref Info: Link coloring with OCG OFF on input line 6455.
Package hyperref Info: PDF/A mode OFF on input line 6460.
LaTeX Info: Redefining \ref on input line 6500.
LaTeX Info: Redefining \pageref on input line 6504.

(/usr/share/texlive/texmf-dist/tex/generic/atbegshi/atbegshi.sty
Package: atbegshi 2019/12/05 v1.19 At begin shipout hook (HO)
)
\Hy@abspage=\count181
\c@Item=\count182
\c@Hfootnote=\count183
)
Package hyperref Info: Driver (autodetected): hpdftex.

(/usr/share/texlive/texmf-dist/tex/latex/hyperref/hpdftex.def
File: hpdftex.def 2020/01/14 v7.00d Hyperref driver for pdfTeX

(/usr/share/texlive/texmf-dist/tex/latex/atveryend/atveryend.sty
Package: atveryend 2019-12-11 v1.11 Hooks at the very end of document (HO)
Package atveryend Info: \enddocument detected (standard20110627).
)
\Fld@listcount=\count184
\c@bookmark@seq@number=\count185

(/usr/share/texlive/texmf-dist/tex/latex/rerunfilecheck/rerunfilecheck.sty
Package: rerunfilecheck 2019/12/05 v1.9 Rerun checks for auxiliary files (HO)

(/usr/share/texlive/texmf-dist/tex/generic/uniquecounter/uniquecounter.sty
Package: uniquecounter 2019/12/15 v1.4 Provide unlimited unique counter (HO)
)
Package uniquecounter Info: New unique counter `rerunfilecheck' on input line 2
86.
)
\Hy@SectionHShift=\skip49
)
(/usr/share/texlive/texmf-dist/tex/latex/amsmath/amsmath.sty
Package: amsmath 2020/01/20 v2.17e AMS math features
\@mathmargin=\skip50

For additional information on amsmath, use the `?' option.
(/usr/share/texlive/texmf-dist/tex/latex/amsmath/amstext.sty
Package: amstext 2000/06/29 v2.01 AMS text

(/usr/share/texlive/texmf-dist/tex/latex/amsmath/amsgen.sty
File: amsgen.sty 1999/11/30 v2.0 generic functions
\@emptytoks=\toks17
\ex@=\dimen141
))
(/usr/share/texlive/texmf-dist/tex/latex/amsmath/amsbsy.sty
Package: amsbsy 1999/11/29 v1.2d Bold Symbols
\pmbraise@=\dimen142
)
(/usr/share/texlive/texmf-dist/tex/latex/amsmath/amsopn.sty
Package: amsopn 2016/03/08 v2.02 operator names
)
\inf@bad=\count186
LaTeX Info: Redefining \frac on input line 227.
\uproot@=\count187
\leftroot@=\count188
LaTeX Info: Redefining \overline on input line 389.
\classnum@=\count189
\DOTSCASE@=\count190
LaTeX Info: Redefining \ldots on input line 486.
LaTeX Info: Redefining \dots on input line 489.
LaTeX Info: Redefining \cdots on input line 610.
\Mathstrutbox@=\box45
\strutbox@=\box46
\big@size=\dimen143
LaTeX Font Info:    Redeclaring font encoding OML on input line 733.
LaTeX Font Info:    Redeclaring font encoding OMS on input line 734.
\macc@depth=\count191
\c@MaxMatrixCols=\count192
\dotsspace@=\muskip17
\c@parentequation=\count193
\dspbrk@lvl=\count194
\tag@help=\toks18
\row@=\count195
\column@=\count196
\maxfields@=\count197
\andhelp@=\toks19
\eqnshift@=\dimen144
\alignsep@=\dimen145
\tagshift@=\dimen146
\tagwidth@=\dimen147
\totwidth@=\dimen148
\lineht@=\dimen149
\@envbody=\toks20
\multlinegap=\skip51
\multlinetaggap=\skip52
\mathdisplay@stack=\toks21
LaTeX Info: Redefining \[ on input line 2859.
LaTeX Info: Redefining \] on input line 2860.
)
(/usr/share/texlive/texmf-dist/tex/latex/amsfonts/amssymb.sty
Package: amssymb 2013/01/14 v3.01 AMS font symbols

(/usr/share/texlive/texmf-dist/tex/latex/amsfonts/amsfonts.sty
Package: amsfonts 2013/01/14 v3.01 Basic AMSFonts support
\symAMSa=\mathgroup4
\symAMSb=\mathgroup5
LaTeX Font Info:    Redeclaring math symbol \hbar on input line 98.
LaTeX Font Info:    Overwriting math alphabet `\mathfrak' in version `bold'
(Font)                  U/euf/m/n --> U/euf/b/n on input line 106.
))
(/usr/share/texlive/texmf-dist/tex/latex/l3backend/l3backend-pdfmode.def
File: l3backend-pdfmode.def 2020-02-03 L3 backend support: PDF mode
\l__kernel_color_stack_int=\count198
\l__pdf_internal_box=\box47
)
(./Apuntes Arquitectura de Sistemas.aux)
\openout1 = `"Apuntes Arquitectura de Sistemas.aux"'.

LaTeX Font Info:    Checking defaults for OML/cmm/m/it on input line 13.
LaTeX Font Info:    ... okay on input line 13.
LaTeX Font Info:    Checking defaults for OMS/cmsy/m/n on input line 13.
LaTeX Font Info:    ... okay on input line 13.
LaTeX Font Info:    Checking defaults for OT1/cmr/m/n on input line 13.
LaTeX Font Info:    ... okay on input line 13.
LaTeX Font Info:    Checking defaults for T1/cmr/m/n on input line 13.
LaTeX Font Info:    ... okay on input line 13.
LaTeX Font Info:    Checking defaults for TS1/cmr/m/n on input line 13.
LaTeX Font Info:    ... okay on input line 13.
LaTeX Font Info:    Checking defaults for OMX/cmex/m/n on input line 13.
LaTeX Font Info:    ... okay on input line 13.
LaTeX Font Info:    Checking defaults for U/cmr/m/n on input line 13.
LaTeX Font Info:    ... okay on input line 13.
LaTeX Font Info:    Checking defaults for PD1/pdf/m/n on input line 13.
LaTeX Font Info:    ... okay on input line 13.

(/usr/share/texlive/texmf-dist/tex/context/base/mkii/supp-pdf.mkii
[Loading MPS to PDF converter (version 2006.09.02).]
\scratchcounter=\count199
\scratchdimen=\dimen150
\scratchbox=\box48
\nofMPsegments=\count266
\nofMParguments=\count267
\everyMPshowfont=\toks22
\MPscratchCnt=\count268
\MPscratchDim=\dimen151
\MPnumerator=\count269
\makeMPintoPDFobject=\count270
\everyMPtoPDFconversion=\toks23
) (/usr/share/texlive/texmf-dist/tex/latex/epstopdf-pkg/epstopdf-base.sty
Package: epstopdf-base 2020-01-24 v2.11 Base part for package epstopdf
Package epstopdf-base Info: Redefining graphics rule for `.eps' on input line 4
85.

(/usr/share/texlive/texmf-dist/tex/latex/latexconfig/epstopdf-sys.cfg
File: epstopdf-sys.cfg 2010/07/13 v1.3 Configuration of (r)epstopdf for TeX Liv
e
))
\AtBeginShipoutBox=\box49

(/usr/share/texlive/texmf-dist/tex/latex/graphics/color.sty
Package: color 2019/11/23 v1.2a Standard LaTeX Color (DPC)

(/usr/share/texlive/texmf-dist/tex/latex/graphics-cfg/color.cfg
File: color.cfg 2016/01/02 v1.6 sample color configuration
)
Package color Info: Driver file: pdftex.def on input line 147.
)
Package hyperref Info: Link coloring ON on input line 13.

(/usr/share/texlive/texmf-dist/tex/latex/hyperref/nameref.sty
Package: nameref 2019/09/16 v2.46 Cross-referencing by name of section

(/usr/share/texlive/texmf-dist/tex/latex/refcount/refcount.sty
Package: refcount 2019/12/15 v3.6 Data extraction from label references (HO)
)
(/usr/share/texlive/texmf-dist/tex/generic/gettitlestring/gettitlestring.sty
Package: gettitlestring 2019/12/15 v1.6 Cleanup title references (HO)
)
\c@section@level=\count271
)
LaTeX Info: Redefining \ref on input line 13.
LaTeX Info: Redefining \pageref on input line 13.
LaTeX Info: Redefining \nameref on input line 13.

(./Apuntes Arquitectura de Sistemas.out)
(./Apuntes Arquitectura de Sistemas.out)
\@outlinefile=\write3
\openout3 = `"Apuntes Arquitectura de Sistemas.out"'.

LaTeX Font Info:    Trying to load font information for U+msa on input line 15.


(/usr/share/texlive/texmf-dist/tex/latex/amsfonts/umsa.fd
File: umsa.fd 2013/01/14 v3.01 AMS symbols A
)
LaTeX Font Info:    Trying to load font information for U+msb on input line 15.


(/usr/share/texlive/texmf-dist/tex/latex/amsfonts/umsb.fd
File: umsb.fd 2013/01/14 v3.01 AMS symbols B
) [1

{/var/lib/texmf/fonts/map/pdftex/updmap/pdftex.map}] (./Apuntes Arquitectura de
 Sistemas.toc)
\tf@toc=\write4
\openout4 = `"Apuntes Arquitectura de Sistemas.toc"'.


[2]
<images/gestion_memoria.png, id=74, 984.67876pt x 644.4075pt>
File: images/gestion_memoria.png Graphic file (type png)
<use images/gestion_memoria.png>
Package pdftex.def Info: images/gestion_memoria.png  used on input line 26.
(pdftex.def)             Requested size: 787.74408pt x 515.5267pt.
 [3 <./images/gestion_memoria.png>]
<images/time.png, id=81, 733.74126pt x 569.12625pt>
File: images/time.png Graphic file (type png)
<use images/time.png>
Package pdftex.def Info: images/time.png  used on input line 33.
(pdftex.def)             Requested size: 586.9938pt x 455.30162pt.
<images/ejemplo4x4.png, id=82, 459.7175pt x 163.61125pt>
File: images/ejemplo4x4.png Graphic file (type png)
<use images/ejemplo4x4.png>
Package pdftex.def Info: images/ejemplo4x4.png  used on input line 39.
(pdftex.def)             Requested size: 275.83263pt x 98.1675pt.
 [4 <./images/time.png> <./images/ejemplo4x4.png>]
<images/Hyperthreading.jpg, id=91, 602.25pt x 304.13625pt>
File: images/Hyperthreading.jpg Graphic file (type jpg)
<use images/Hyperthreading.jpg>
Package pdftex.def Info: images/Hyperthreading.jpg  used on input line 57.
(pdftex.def)             Requested size: 602.24852pt x 304.1355pt.

Overfull \hbox (16.94502pt too wide) in paragraph at lines 60--61
[]\OT1/cmr/m/n/10 SMP(Symmetric Multi-Processing): el n^^Sucleo puede eje-cu-ta
r en cualquier
 []

<images/SMP.png, id=92, 1204.5pt x 773.89125pt>
File: images/SMP.png Graphic file (type png)
<use images/SMP.png>
Package pdftex.def Info: images/SMP.png  used on input line 64.
(pdftex.def)             Requested size: 1204.49707pt x 773.88936pt.
[5 <./images/Hyperthreading.jpg>]
<images/umanuma.png, id=98, 501.875pt x 296.10625pt>
File: images/umanuma.png Graphic file (type png)
<use images/umanuma.png>
Package pdftex.def Info: images/umanuma.png  used on input line 78.
(pdftex.def)             Requested size: 501.87376pt x 296.10551pt.
 [6 <./images/SMP.png> <./images/umanuma.png>]
<images/NORMA.jpg, id=105, 602.25pt x 329.23pt>
File: images/NORMA.jpg Graphic file (type jpg)
<use images/NORMA.jpg>
Package pdftex.def Info: images/NORMA.jpg  used on input line 85.
(pdftex.def)             Requested size: 602.24852pt x 329.22919pt.

Overfull \hbox (0.26799pt too wide) in paragraph at lines 89--90
[]\OT1/cmr/m/n/10 Cluster$\OMS/cmsy/m/n/10 !$\OT1/cmr/m/n/10 +10M proce-sadores
. Al igual que los sis-temas mul-ti-proce-sadores,
 []

<images/cluster.png, id=106, 301.125pt x 259.97125pt>
File: images/cluster.png Graphic file (type png)
<use images/cluster.png>
Package pdftex.def Info: images/cluster.png  used on input line 96.
(pdftex.def)             Requested size: 301.12425pt x 259.97061pt.
[7 <./images/NORMA.jpg> <./images/cluster.png>]
<images/monoprocesador.png, id=113, 672.5125pt x 393.47pt>
File: images/monoprocesador.png Graphic file (type png)
<use images/monoprocesador.png>
Package pdftex.def Info: images/monoprocesador.png  used on input line 125.
(pdftex.def)             Requested size: 672.51085pt x 393.46902pt.
<images/solucionmonoprocesador.png, id=114, 464.73625pt x 477.785pt>
File: images/solucionmonoprocesador.png Graphic file (type png)
<use images/solucionmonoprocesador.png>
Package pdftex.def Info: images/solucionmonoprocesador.png  used on input line 
132.
(pdftex.def)             Requested size: 464.7351pt x 477.78383pt.
 [8 <./images/monoprocesador.png> <./images/solucionmonoprocesador.png>]
<images/sol2monoprocesador.png, id=121, 639.38875pt x 537.00626pt>
File: images/sol2monoprocesador.png Graphic file (type png)
<use images/sol2monoprocesador.png>
Package pdftex.def Info: images/sol2monoprocesador.png  used on input line 139.

(pdftex.def)             Requested size: 639.38718pt x 537.00494pt.
<images/multiprocesador.png, id=122, 790.955pt x 351.3125pt>
File: images/multiprocesador.png Graphic file (type png)
<use images/multiprocesador.png>
Package pdftex.def Info: images/multiprocesador.png  used on input line 151.
(pdftex.def)             Requested size: 790.95308pt x 351.31163pt.
 [9 <./images/sol2monoprocesador.png> <./images/multiprocesador.png>]
<images/multiprocesador-multihebra.png, id=129, 607.26875pt x 522.95375pt>
File: images/multiprocesador-multihebra.png Graphic file (type png)
<use images/multiprocesador-multihebra.png>
Package pdftex.def Info: images/multiprocesador-multihebra.png  used on input l
ine 159.
(pdftex.def)             Requested size: 607.26727pt x 522.95247pt.
<images/multiprocesador-multihebra2.png, id=130, 577.15625pt x 508.90125pt>
File: images/multiprocesador-multihebra2.png Graphic file (type png)
<use images/multiprocesador-multihebra2.png>
Package pdftex.def Info: images/multiprocesador-multihebra2.png  used on input 
line 165.
(pdftex.def)             Requested size: 577.15483pt x 508.90001pt.
 [10 <./images/multiprocesador-multihebra.png> <./images/multiprocesador-multih
ebra2.png>]
<images/multiprocesador_actual.png, id=137, 884.30376pt x 408.52625pt>
File: images/multiprocesador_actual.png Graphic file (type png)
<use images/multiprocesador_actual.png>
Package pdftex.def Info: images/multiprocesador_actual.png  used on input line 
173.
(pdftex.def)             Requested size: 884.3016pt x 408.52525pt.

Overfull \hbox (53.33781pt too wide) in paragraph at lines 173--174
 [][] 
 []

<images/arquitectura_actual.png, id=138, 878.28125pt x 533.995pt>
File: images/arquitectura_actual.png Graphic file (type png)
<use images/arquitectura_actual.png>
Package pdftex.def Info: images/arquitectura_actual.png  used on input line 179
.
(pdftex.def)             Requested size: 878.27911pt x 533.9937pt.
[11 <./images/multiprocesador_actual.png> <./images/arquitectura_actual.png>]
<images/jerarquiamemoria.png, id=145, 724.7075pt x 692.5875pt>
File: images/jerarquiamemoria.png Graphic file (type png)
<use images/jerarquiamemoria.png>
Package pdftex.def Info: images/jerarquiamemoria.png  used on input line 192.
(pdftex.def)             Requested size: 724.70573pt x 692.5858pt.

[12 <./images/jerarquiamemoria.png>]
<images/privilegios.png, id=152, 483.8075pt x 352.31625pt>
File: images/privilegios.png Graphic file (type png)
<use images/privilegios.png>
Package pdftex.def Info: images/privilegios.png  used on input line 231.
(pdftex.def)             Requested size: 483.80632pt x 352.31538pt.

Underfull \hbox (badness 10000) in paragraph at lines 235--236

 []

[13 <./images/privilegios.png>]
<images/ciclo_instruccion.png, id=161, 856.19875pt x 111.41624pt>
File: images/ciclo_instruccion.png Graphic file (type png)
<use images/ciclo_instruccion.png>
Package pdftex.def Info: images/ciclo_instruccion.png  used on input line 272.
(pdftex.def)             Requested size: 856.19666pt x 111.41597pt.
 [14 <./images/ciclo_instruccion.png>]
Underfull \hbox (badness 10000) in paragraph at lines 293--294

 []

<images/segmentacion.png, id=167, 1017.8025pt x 435.6275pt>
File: images/segmentacion.png Graphic file (type png)
<use images/segmentacion.png>
Package pdftex.def Info: images/segmentacion.png  used on input line 308.
(pdftex.def)             Requested size: 1017.80003pt x 435.62643pt.

LaTeX Warning: `h' float specifier changed to `ht'.


Overfull \hbox (10.74133pt too wide) in paragraph at lines 311--312
\OT1/cmr/m/n/10 para eje-cu-tar m^^Sultiples in-struc-ciones en par-alelo. Un p
roce-sador su-perescalar
 []

[15]
<images/predicionsalto.png, id=172, 1041.8925pt x 581.17125pt>
File: images/predicionsalto.png Graphic file (type png)
<use images/predicionsalto.png>
Package pdftex.def Info: images/predicionsalto.png  used on input line 325.
(pdftex.def)             Requested size: 1041.88997pt x 581.16983pt.


LaTeX Warning: `h' float specifier changed to `ht'.

[16 <./images/segmentacion.png>]
<images/tiposram.png, id=178, 464.73625pt x 591.20876pt>
File: images/tiposram.png Graphic file (type png)
<use images/tiposram.png>
Package pdftex.def Info: images/tiposram.png  used on input line 345.
(pdftex.def)             Requested size: 464.7351pt x 591.2073pt.


LaTeX Warning: `h' float specifier changed to `ht'.

[17 <./images/predicionsalto.png>] [18 <./images/tiposram.png>] [19]
<images/correspondenciadirecta.png, id=196, 649.42625pt x 553.06625pt>
File: images/correspondenciadirecta.png Graphic file (type png)
<use images/correspondenciadirecta.png>
Package pdftex.def Info: images/correspondenciadirecta.png  used on input line 
431.
(pdftex.def)             Requested size: 649.42467pt x 553.0649pt.
 [20 <./images/correspondenciadirecta.png>]
<images/totalmenteasociativa.png, id=202, 636.3775pt x 528.97626pt>
File: images/totalmenteasociativa.png Graphic file (type png)
<use images/totalmenteasociativa.png>
Package pdftex.def Info: images/totalmenteasociativa.png  used on input line 43
8.
(pdftex.def)             Requested size: 636.37595pt x 528.97496pt.
 [21 <./images/totalmenteasociativa.png>]
<images/porconjuntos.png, id=208, 668.4975pt x 512.91624pt>
File: images/porconjuntos.png Graphic file (type png)
<use images/porconjuntos.png>
Package pdftex.def Info: images/porconjuntos.png  used on input line 446.
(pdftex.def)             Requested size: 668.49586pt x 512.915pt.
<images/memvirtual.png, id=209, 601.24625pt x 819.06pt>
File: images/memvirtual.png Graphic file (type png)
<use images/memvirtual.png>
Package pdftex.def Info: images/memvirtual.png  used on input line 457.
(pdftex.def)             Requested size: 601.24477pt x 819.058pt.

[22 <./images/porconjuntos.png>] [23 <./images/memvirtual.png>]
Underfull \hbox (badness 10000) in paragraph at lines 485--486

 []

<images/traduccion.png, id=220, 487.8225pt x 418.56375pt>
File: images/traduccion.png Graphic file (type png)
<use images/traduccion.png>
Package pdftex.def Info: images/traduccion.png  used on input line 512.
(pdftex.def)             Requested size: 487.8213pt x 418.56271pt.

LaTeX Warning: `h' float specifier changed to `ht'.

[24]
<images/segmentacionx86.png, id=229, 1073.00874pt x 506.89375pt>
File: images/segmentacionx86.png Graphic file (type png)
<use images/segmentacionx86.png>
Package pdftex.def Info: images/segmentacionx86.png  used on input line 519.
(pdftex.def)             Requested size: 1073.00612pt x 506.89252pt.
 [25 <./images/traduccion.png> <./images/segmentacionx86.png>]
<images/segmentacionpaginacion.png, id=237, 900.36375pt x 649.42625pt>
File: images/segmentacionpaginacion.png Graphic file (type png)
<use images/segmentacionpaginacion.png>
Package pdftex.def Info: images/segmentacionpaginacion.png  used on input line 
526.
(pdftex.def)             Requested size: 900.36156pt x 649.42467pt.
<images/tabla_multinivel.png, id=238, 1028.84375pt x 660.4675pt>
File: images/tabla_multinivel.png Graphic file (type png)
<use images/tabla_multinivel.png>
Package pdftex.def Info: images/tabla_multinivel.png  used on input line 532.
(pdftex.def)             Requested size: 1028.84125pt x 660.46588pt.
 [26 <./images/segmentacionpaginacion.png> <./images/tabla_multinivel.png>]
<images/estructuratabla.png, id=245, 711.65875pt x 738.76pt>
File: images/estructuratabla.png Graphic file (type png)
<use images/estructuratabla.png>
Package pdftex.def Info: images/estructuratabla.png  used on input line 540.
(pdftex.def)             Requested size: 711.65701pt x 738.75818pt.
 [27 <./images/estructuratabla.png>]
Overfull \hbox (1.22275pt too wide) in paragraph at lines 557--558
[]\OT1/cmr/m/n/10 Etiquetadas: a~naden una marca del es-pa-cio de di-rec-ciones
 al que pertenece. 
 []

<images/direccionamientocache.png, id=252, 757.83125pt x 388.45125pt>
File: images/direccionamientocache.png Graphic file (type png)
<use images/direccionamientocache.png>
Package pdftex.def Info: images/direccionamientocache.png  used on input line 5
78.
(pdftex.def)             Requested size: 757.8294pt x 388.45029pt.
[28 <./images/direccionamientocache.png>]
<images/TLB.png, id=261, 536.0025pt x 676.5275pt>
File: images/TLB.png Graphic file (type png)
<use images/TLB.png>
Package pdftex.def Info: images/TLB.png  used on input line 598.
(pdftex.def)             Requested size: 536.00119pt x 676.52583pt.
 [29 <./images/TLB.png>]
<images/esquemacache.png, id=269, 1004.75375pt x 583.17876pt>
File: images/esquemacache.png Graphic file (type png)
<use images/esquemacache.png>
Package pdftex.def Info: images/esquemacache.png  used on input line 606.
(pdftex.def)             Requested size: 1004.75131pt x 583.17734pt.
 [30 <./images/esquemacache.png>] [31]
<images/interrupciones.png, id=292, 676.5275pt x 480.79625pt>
File: images/interrupciones.png Graphic file (type png)
<use images/interrupciones.png>
Package pdftex.def Info: images/interrupciones.png  used on input line 665.
(pdftex.def)             Requested size: 676.52583pt x 480.79506pt.
<images/eventos.png, id=293, 781.92125pt x 567.11874pt>
File: images/eventos.png Graphic file (type png)
<use images/eventos.png>
Package pdftex.def Info: images/eventos.png  used on input line 681.
(pdftex.def)             Requested size: 781.91934pt x 567.11736pt.
 [32 <./images/interrupciones.png>]
Underfull \hbox (badness 10000) in paragraph at lines 698--699

 []


Overfull \hbox (4.08391pt too wide) in paragraph at lines 702--703
[]\OT1/cmr/m/n/10 Se trata de un mecan-ismo para so-lic-i-tar la atenci^^Son de
 la CPU. Son as^^S^^Pncronas,
 []

[33 <./images/eventos.png>]
<images/vectorint.png, id=307, 755.82375pt x 441.65pt>
File: images/vectorint.png Graphic file (type png)
<use images/vectorint.png>
Package pdftex.def Info: images/vectorint.png  used on input line 717.
(pdftex.def)             Requested size: 755.8219pt x 441.64891pt.

Underfull \hbox (badness 10000) in paragraph at lines 741--742

 []

[34 <./images/vectorint.png>]
Underfull \hbox (badness 10000) in paragraph at lines 745--746

 []


Underfull \hbox (badness 10000) in paragraph at lines 756--757

 []

[35]
<images/procinterrupcion.png, id=317, 665.48625pt x 541.02126pt>
File: images/procinterrupcion.png Graphic file (type png)
<use images/procinterrupcion.png>
Package pdftex.def Info: images/procinterrupcion.png  used on input line 788.
(pdftex.def)             Requested size: 665.48462pt x 541.01993pt.
 [36 <./images/procinterrupcion.png>]
Underfull \hbox (badness 10000) in paragraph at lines 802--803

 []

<images/multinterrupcion.png, id=323, 791.95876pt x 385.44pt>
File: images/multinterrupcion.png Graphic file (type png)
<use images/multinterrupcion.png>
Package pdftex.def Info: images/multinterrupcion.png  used on input line 807.
(pdftex.def)             Requested size: 791.95683pt x 385.43906pt.
[37 <./images/multinterrupcion.png>]
<images/DMA.png, id=330, 644.4075pt x 460.72125pt>
File: images/DMA.png Graphic file (type png)
<use images/DMA.png>
Package pdftex.def Info: images/DMA.png  used on input line 836.
(pdftex.def)             Requested size: 644.40593pt x 460.72012pt.
<images/ejemplo1.png, id=331, 477.785pt x 264.99pt>
File: images/ejemplo1.png Graphic file (type png)
<use images/ejemplo1.png>
Package pdftex.def Info: images/ejemplo1.png  used on input line 844.
(pdftex.def)             Requested size: 477.78383pt x 264.98935pt.


LaTeX Warning: `h' float specifier changed to `ht'.

[38 <./images/DMA.png>]
<images/pinning.png, id=337, 471.7625pt x 264.99pt>
File: images/pinning.png Graphic file (type png)
<use images/pinning.png>
Package pdftex.def Info: images/pinning.png  used on input line 856.
(pdftex.def)             Requested size: 471.76134pt x 264.98935pt.
 [39 <./images/ejemplo1.png> <./images/pinning.png>]
<images/adresspace.png, id=344, 230.8625pt x 371.3875pt>
File: images/adresspace.png Graphic file (type png)
<use images/adresspace.png>
Package pdftex.def Info: images/adresspace.png  used on input line 897.
(pdftex.def)             Requested size: 230.86192pt x 371.38658pt.


LaTeX Warning: `h' float specifier changed to `ht'.

[40]
<images/hilos_programa.png, id=349, 581.17125pt x 409.53pt>
File: images/hilos_programa.png Graphic file (type png)
<use images/hilos_programa.png>
Package pdftex.def Info: images/hilos_programa.png  used on input line 915.
(pdftex.def)             Requested size: 581.16983pt x 409.52899pt.


LaTeX Warning: `h' float specifier changed to `ht'.

[41 <./images/adresspace.png>]
<images/tipos_com.png, id=355, 394.47375pt x 527.9725pt>
File: images/tipos_com.png Graphic file (type png)
<use images/tipos_com.png>
Package pdftex.def Info: images/tipos_com.png  used on input line 939.
(pdftex.def)             Requested size: 394.47278pt x 527.9712pt.


LaTeX Warning: `h' float specifier changed to `ht'.

<images/concurrenciavsparalelismo.png, id=356, 650.43pt x 506.89375pt>
File: images/concurrenciavsparalelismo.png Graphic file (type png)
<use images/concurrenciavsparalelismo.png>
Package pdftex.def Info: images/concurrenciavsparalelismo.png  used on input li
ne 955.
(pdftex.def)             Requested size: 650.4284pt x 506.89252pt.

LaTeX Warning: `h' float specifier changed to `ht'.

[42 <./images/hilos_programa.png>]
Underfull \hbox (badness 10000) in paragraph at lines 967--968

 []


Underfull \hbox (badness 10000) in paragraph at lines 973--974

 []

[43 <./images/tipos_com.png>]
Underfull \hbox (badness 10000) in paragraph at lines 985--986

 []

<images/mem_virtual.png, id=369, 902.37125pt x 462.72874pt>
File: images/mem_virtual.png Graphic file (type png)
<use images/mem_virtual.png>
Package pdftex.def Info: images/mem_virtual.png  used on input line 991.
(pdftex.def)             Requested size: 902.36905pt x 462.72762pt.
[44 <./images/concurrenciavsparalelismo.png>] [45 <./images/mem_virtual.png>]
<images/ES_windows.png, id=380, 151.56625pt x 233.87375pt>
File: images/ES_windows.png Graphic file (type png)
<use images/ES_windows.png>
Package pdftex.def Info: images/ES_windows.png  used on input line 1031.
(pdftex.def)             Requested size: 151.56587pt x 233.87315pt.

[46 <./images/ES_windows.png>]
Overfull \hbox (1.99135pt too wide) in paragraph at lines 1045--1046
[]\OT1/cmr/m/n/10 Implementaci^^Son del al-ma-ce-namiento per-sis-tente o a lar
go plazo. Las unidades
 []

<images/interaccion_sistema.png, id=386, 1122.1925pt x 518.93875pt>
File: images/interaccion_sistema.png Graphic file (type png)
<use images/interaccion_sistema.png>
Package pdftex.def Info: images/interaccion_sistema.png  used on input line 106
3.
(pdftex.def)             Requested size: 1122.18977pt x 518.93748pt.
[47 <./images/interaccion_sistema.png>]
Package atveryend Info: Empty hook `BeforeClearDocument' on input line 1102.
 [48]
Package atveryend Info: Empty hook `AfterLastShipout' on input line 1102.

(./Apuntes Arquitectura de Sistemas.aux)
Package atveryend Info: Executing hook `AtVeryEndDocument' on input line 1102.
Package atveryend Info: Executing hook `AtEndAfterFileList' on input line 1102.

Package rerunfilecheck Info: File `"Apuntes Arquitectura de Sistemas".out' has 
not changed.
(rerunfilecheck)             Checksum: E84C4EC5AD018C61CBB857542B1D904F;832.
Package atveryend Info: Empty hook `AtVeryVeryEnd' on input line 1102.
 ) 
Here is how much of TeX's memory you used:
 6763 strings out of 481239
 102429 string characters out of 5920377
 354292 words of memory out of 5000000
 21777 multiletter control sequences out of 15000+600000
 541050 words of font info for 58 fonts, out of 8000000 for 9000
 1141 hyphenation exceptions out of 8191
 34i,8n,31p,851b,470s stack positions out of 5000i,500n,10000p,200000b,80000s
{/usr/share/texmf/fonts/enc/dvips/cm-super/cm-super-ts1.enc}</usr/share/texli
ve/texmf-dist/fonts/type1/public/amsfonts/cm/cmbx10.pfb></usr/share/texlive/tex
mf-dist/fonts/type1/public/amsfonts/cm/cmbx12.pfb></usr/share/texlive/texmf-dis
t/fonts/type1/public/amsfonts/cm/cmmi10.pfb></usr/share/texlive/texmf-dist/font
s/type1/public/amsfonts/cm/cmmi7.pfb></usr/share/texlive/texmf-dist/fonts/type1
/public/amsfonts/cm/cmr10.pfb></usr/share/texlive/texmf-dist/fonts/type1/public
/amsfonts/cm/cmr12.pfb></usr/share/texlive/texmf-dist/fonts/type1/public/amsfon
ts/cm/cmr17.pfb></usr/share/texlive/texmf-dist/fonts/type1/public/amsfonts/cm/c
msy10.pfb></usr/share/texlive/texmf-dist/fonts/type1/public/amsfonts/cm/cmti10.
pfb></usr/share/texlive/texmf-dist/fonts/type1/public/amsfonts/cm/cmtt10.pfb></
usr/share/texmf/fonts/type1/public/cm-super/sfrm1000.pfb>
Output written on "Apuntes Arquitectura de Sistemas.pdf" (48 pages, 2851598 byt
es).
PDF statistics:
 456 PDF objects out of 1000 (max. 8388607)
 296 compressed objects within 3 object streams
 85 named destinations out of 1000 (max. 500000)
 334 words of extra memory for PDF output out of 10000 (max. 10000000)

